<?xml version="1.0" encoding="UTF-8"?>
<testsuite xmlns:xsi="http://www.w3.org/2001/XMLSchema-instance" xsi:noNamespaceSchemaLocation="https://maven.apache.org/surefire/maven-surefire-plugin/xsd/surefire-test-report-3.0.xsd" version="3.0" name="RangeTest" time="0.053" tests="6" errors="0" skipped="0" failures="0">
  <properties>
[...]
</properties>
  <testcase name="testRemoveThrowsException" classname="RangeTest" time="0.005"/>
  <testcase name="testForReturningItemInOrder" classname="RangeTest" time="0.0"/>
  <testcase name="testForAfterRemovingItem" classname="RangeTest" time="0.0"/>
  <testcase name="testForAllElementThenHasNextShouldReturnFalse" classname="RangeTest" time="0.0"/>
  <testcase name="testForTrueWhenItemsInRange" classname="RangeTest" time="0.0"/>
  <testcase name="testForFalseWhenEmpty" classname="RangeTest" time="0.0"/>
</testsuite>